<testsuites id="" name="" tests="38" failures="30" skipped="0" errors="0" time="136.782321">
<testsuite name="homepage.spec.ts" timestamp="2025-11-23T14:12:15.040Z" hostname="chromium" tests="38" failures="30" skipped="0" time="450.832" errors="0">
<testcase name="Homepage - Basic Structure › should load homepage successfully" classname="homepage.spec.ts" time="16.421">
<failure message="homepage.spec.ts:14:3 should load homepage successfully" type="FAILURE">
<![CDATA[  [chromium] › homepage.spec.ts:14:3 › Homepage - Basic Structure › should load homepage successfully 

    Error: expect(locator).toBeVisible() failed

    Locator: locator('main')
    Expected: visible
    Timeout: 10000ms
    Error: element(s) not found

    Call log:
      - Expect "toBeVisible" with timeout 10000ms
      - waiting for locator('main')


      18 |     // Check for main container
      19 |     const main = page.locator('main');
    > 20 |     await expect(main).toBeVisible();
         |                        ^
      21 |   });
      22 |
      23 |   test('should display page header with institute name', async ({ page }) => {
        at /home/mahmoud/Work/projects/Web/eqraa/eqraa-center-hub-1/src/test/e2e/homepage.spec.ts:20:24

    attachment #1: screenshot (image/png) ──────────────────────────────────────────────────────────
    ../../../test-results/homepage-Homepage---Basic--37e53--load-homepage-successfully-chromium/test-failed-1.png
    ────────────────────────────────────────────────────────────────────────────────────────────────

    attachment #2: video (video/webm) ──────────────────────────────────────────────────────────────
    ../../../test-results/homepage-Homepage---Basic--37e53--load-homepage-successfully-chromium/video.webm
    ────────────────────────────────────────────────────────────────────────────────────────────────

    Error Context: ../../../test-results/homepage-Homepage---Basic--37e53--load-homepage-successfully-chromium/error-context.md
]]>
</failure>
<system-out>
<![CDATA[
[[ATTACHMENT|test-results/homepage-Homepage---Basic--37e53--load-homepage-successfully-chromium/test-failed-1.png]]

[[ATTACHMENT|test-results/homepage-Homepage---Basic--37e53--load-homepage-successfully-chromium/video.webm]]

[[ATTACHMENT|test-results/homepage-Homepage---Basic--37e53--load-homepage-successfully-chromium/error-context.md]]
]]>
</system-out>
</testcase>
<testcase name="Homepage - Basic Structure › should display page header with institute name" classname="homepage.spec.ts" time="15.857">
<failure message="homepage.spec.ts:23:3 should display page header with institute name" type="FAILURE">
<![CDATA[  [chromium] › homepage.spec.ts:23:3 › Homepage - Basic Structure › should display page header with institute name 

    Error: expect(locator).toBeVisible() failed

    Locator: getByText('معهد فاطمة الزهراء')
    Expected: visible
    Timeout: 10000ms
    Error: element(s) not found

    Call log:
      - Expect "toBeVisible" with timeout 10000ms
      - waiting for getByText('معهد فاطمة الزهراء')


      24 |     // Check header displays institute name
      25 |     const header = page.getByText('معهد فاطمة الزهراء');
    > 26 |     await expect(header).toBeVisible();
         |                          ^
      27 |   });
      28 |
      29 |   test('should not show back button on homepage', async ({ page }) => {
        at /home/mahmoud/Work/projects/Web/eqraa/eqraa-center-hub-1/src/test/e2e/homepage.spec.ts:26:26

    attachment #1: screenshot (image/png) ──────────────────────────────────────────────────────────
    ../../../test-results/homepage-Homepage---Basic--c10b3--header-with-institute-name-chromium/test-failed-1.png
    ────────────────────────────────────────────────────────────────────────────────────────────────

    attachment #2: video (video/webm) ──────────────────────────────────────────────────────────────
    ../../../test-results/homepage-Homepage---Basic--c10b3--header-with-institute-name-chromium/video.webm
    ────────────────────────────────────────────────────────────────────────────────────────────────

    Error Context: ../../../test-results/homepage-Homepage---Basic--c10b3--header-with-institute-name-chromium/error-context.md
]]>
</failure>
<system-out>
<![CDATA[
[[ATTACHMENT|test-results/homepage-Homepage---Basic--c10b3--header-with-institute-name-chromium/test-failed-1.png]]

[[ATTACHMENT|test-results/homepage-Homepage---Basic--c10b3--header-with-institute-name-chromium/video.webm]]

[[ATTACHMENT|test-results/homepage-Homepage---Basic--c10b3--header-with-institute-name-chromium/error-context.md]]
]]>
</system-out>
</testcase>
<testcase name="Homepage - Basic Structure › should not show back button on homepage" classname="homepage.spec.ts" time="7.205">
</testcase>
<testcase name="Homepage - Welcome Section › should display main welcome heading" classname="homepage.spec.ts" time="16.064">
<failure message="homepage.spec.ts:41:3 should display main welcome heading" type="FAILURE">
<![CDATA[  [chromium] › homepage.spec.ts:41:3 › Homepage - Welcome Section › should display main welcome heading 

    Error: expect(locator).toBeVisible() failed

    Locator: getByText('مرحباً بك في معهد فاطمة الزهراء للعلوم الشرعية')
    Expected: visible
    Timeout: 10000ms
    Error: element(s) not found

    Call log:
      - Expect "toBeVisible" with timeout 10000ms
      - waiting for getByText('مرحباً بك في معهد فاطمة الزهراء للعلوم الشرعية')


      41 |   test('should display main welcome heading', async ({ page }) => {
      42 |     const mainHeading = page.getByText('مرحباً بك في معهد فاطمة الزهراء للعلوم الشرعية');
    > 43 |     await expect(mainHeading).toBeVisible();
         |                               ^
      44 |   });
      45 |
      46 |   test('should display subheading text', async ({ page }) => {
        at /home/mahmoud/Work/projects/Web/eqraa/eqraa-center-hub-1/src/test/e2e/homepage.spec.ts:43:31

    attachment #1: screenshot (image/png) ──────────────────────────────────────────────────────────
    ../../../test-results/homepage-Homepage---Welcom-71d1a-isplay-main-welcome-heading-chromium/test-failed-1.png
    ────────────────────────────────────────────────────────────────────────────────────────────────

    attachment #2: video (video/webm) ──────────────────────────────────────────────────────────────
    ../../../test-results/homepage-Homepage---Welcom-71d1a-isplay-main-welcome-heading-chromium/video.webm
    ────────────────────────────────────────────────────────────────────────────────────────────────

    Error Context: ../../../test-results/homepage-Homepage---Welcom-71d1a-isplay-main-welcome-heading-chromium/error-context.md
]]>
</failure>
<system-out>
<![CDATA[
[[ATTACHMENT|test-results/homepage-Homepage---Welcom-71d1a-isplay-main-welcome-heading-chromium/test-failed-1.png]]

[[ATTACHMENT|test-results/homepage-Homepage---Welcom-71d1a-isplay-main-welcome-heading-chromium/video.webm]]

[[ATTACHMENT|test-results/homepage-Homepage---Welcom-71d1a-isplay-main-welcome-heading-chromium/error-context.md]]
]]>
</system-out>
</testcase>
<testcase name="Homepage - Welcome Section › should display subheading text" classname="homepage.spec.ts" time="15.437">
<failure message="homepage.spec.ts:46:3 should display subheading text" type="FAILURE">
<![CDATA[  [chromium] › homepage.spec.ts:46:3 › Homepage - Welcome Section › should display subheading text ─

    Error: expect(locator).toBeVisible() failed

    Locator: getByText('اختر القسم المناسب للبدء')
    Expected: visible
    Timeout: 10000ms
    Error: element(s) not found

    Call log:
      - Expect "toBeVisible" with timeout 10000ms
      - waiting for getByText('اختر القسم المناسب للبدء')


      46 |   test('should display subheading text', async ({ page }) => {
      47 |     const subheading = page.getByText('اختر القسم المناسب للبدء');
    > 48 |     await expect(subheading).toBeVisible();
         |                              ^
      49 |   });
      50 | });
      51 |
        at /home/mahmoud/Work/projects/Web/eqraa/eqraa-center-hub-1/src/test/e2e/homepage.spec.ts:48:30

    attachment #1: screenshot (image/png) ──────────────────────────────────────────────────────────
    ../../../test-results/homepage-Homepage---Welcom-9e467-uld-display-subheading-text-chromium/test-failed-1.png
    ────────────────────────────────────────────────────────────────────────────────────────────────

    attachment #2: video (video/webm) ──────────────────────────────────────────────────────────────
    ../../../test-results/homepage-Homepage---Welcom-9e467-uld-display-subheading-text-chromium/video.webm
    ────────────────────────────────────────────────────────────────────────────────────────────────

    Error Context: ../../../test-results/homepage-Homepage---Welcom-9e467-uld-display-subheading-text-chromium/error-context.md
]]>
</failure>
<system-out>
<![CDATA[
[[ATTACHMENT|test-results/homepage-Homepage---Welcom-9e467-uld-display-subheading-text-chromium/test-failed-1.png]]

[[ATTACHMENT|test-results/homepage-Homepage---Welcom-9e467-uld-display-subheading-text-chromium/video.webm]]

[[ATTACHMENT|test-results/homepage-Homepage---Welcom-9e467-uld-display-subheading-text-chromium/error-context.md]]
]]>
</system-out>
</testcase>
<testcase name="Homepage - Navigation Buttons › should display all 16 navigation sections" classname="homepage.spec.ts" time="14.374">
<failure message="homepage.spec.ts:57:3 should display all 16 navigation sections" type="FAILURE">
<![CDATA[  [chromium] › homepage.spec.ts:57:3 › Homepage - Navigation Buttons › should display all 16 navigation sections 

    Error: expect(locator).toHaveCount(expected) failed

    Locator:  locator('main').locator('div').filter({ has: locator('a') }).first().locator('a')
    Expected: 16
    Received: 0
    Timeout:  10000ms

    Call log:
      - Expect "toHaveCount" with timeout 10000ms
      - waiting for locator('main').locator('div').filter({ has: locator('a') }).first().locator('a')
        13 × locator resolved to 0 elements
           - unexpected value "0"


      79 |     const grid = page.locator('main').locator('div').filter({ has: page.locator('a') }).first();
      80 |     const buttons = grid.locator('a');
    > 81 |     await expect(buttons).toHaveCount(16);
         |                           ^
      82 |
      83 |     // Verify each section is present
      84 |     for (const section of sections) {
        at /home/mahmoud/Work/projects/Web/eqraa/eqraa-center-hub-1/src/test/e2e/homepage.spec.ts:81:27

    attachment #1: screenshot (image/png) ──────────────────────────────────────────────────────────
    ../../../test-results/homepage-Homepage---Naviga-da384--all-16-navigation-sections-chromium/test-failed-1.png
    ────────────────────────────────────────────────────────────────────────────────────────────────

    attachment #2: video (video/webm) ──────────────────────────────────────────────────────────────
    ../../../test-results/homepage-Homepage---Naviga-da384--all-16-navigation-sections-chromium/video.webm
    ────────────────────────────────────────────────────────────────────────────────────────────────

    Error Context: ../../../test-results/homepage-Homepage---Naviga-da384--all-16-navigation-sections-chromium/error-context.md
]]>
</failure>
<system-out>
<![CDATA[
[[ATTACHMENT|test-results/homepage-Homepage---Naviga-da384--all-16-navigation-sections-chromium/test-failed-1.png]]

[[ATTACHMENT|test-results/homepage-Homepage---Naviga-da384--all-16-navigation-sections-chromium/video.webm]]

[[ATTACHMENT|test-results/homepage-Homepage---Naviga-da384--all-16-navigation-sections-chromium/error-context.md]]
]]>
</system-out>
</testcase>
<testcase name="Homepage - Navigation Buttons › should have clickable navigation buttons" classname="homepage.spec.ts" time="14.725">
<failure message="homepage.spec.ts:90:3 should have clickable navigation buttons" type="FAILURE">
<![CDATA[  [chromium] › homepage.spec.ts:90:3 › Homepage - Navigation Buttons › should have clickable navigation buttons 

    Error: expect(locator).toBeVisible() failed

    Locator: getByRole('link', { name: /الإدارة/ })
    Expected: visible
    Timeout: 10000ms
    Error: element(s) not found

    Call log:
      - Expect "toBeVisible" with timeout 10000ms
      - waiting for getByRole('link', { name: /الإدارة/ })


      91 |     // Test that first button (الإدارة) is clickable
      92 |     const adminButton = page.getByRole('link', { name: /الإدارة/ });
    > 93 |     await expect(adminButton).toBeVisible();
         |                               ^
      94 |     await expect(adminButton).toBeEnabled();
      95 |
      96 |     // Verify it has href attribute
        at /home/mahmoud/Work/projects/Web/eqraa/eqraa-center-hub-1/src/test/e2e/homepage.spec.ts:93:31

    attachment #1: screenshot (image/png) ──────────────────────────────────────────────────────────
    ../../../test-results/homepage-Homepage---Naviga-2de9b-lickable-navigation-buttons-chromium/test-failed-1.png
    ────────────────────────────────────────────────────────────────────────────────────────────────

    attachment #2: video (video/webm) ──────────────────────────────────────────────────────────────
    ../../../test-results/homepage-Homepage---Naviga-2de9b-lickable-navigation-buttons-chromium/video.webm
    ────────────────────────────────────────────────────────────────────────────────────────────────

    Error Context: ../../../test-results/homepage-Homepage---Naviga-2de9b-lickable-navigation-buttons-chromium/error-context.md
]]>
</failure>
<system-out>
<![CDATA[
[[ATTACHMENT|test-results/homepage-Homepage---Naviga-2de9b-lickable-navigation-buttons-chromium/test-failed-1.png]]

[[ATTACHMENT|test-results/homepage-Homepage---Naviga-2de9b-lickable-navigation-buttons-chromium/video.webm]]

[[ATTACHMENT|test-results/homepage-Homepage---Naviga-2de9b-lickable-navigation-buttons-chromium/error-context.md]]
]]>
</system-out>
</testcase>
<testcase name="Homepage - Navigation Routing › should navigate to /admin when clicking الإدارة" classname="homepage.spec.ts" time="15.373">
<failure message="homepage.spec.ts:126:5 should navigate to /admin when clicking الإدارة" type="FAILURE">
<![CDATA[  [chromium] › homepage.spec.ts:126:5 › Homepage - Navigation Routing › should navigate to /admin when clicking الإدارة 

    TimeoutError: locator.click: Timeout 10000ms exceeded.
    Call log:
      - waiting for getByRole('link', { name: /الإدارة/ })


      126 |     test(`should navigate to ${route} when clicking ${label}`, async ({ page }) => {
      127 |       const button = page.getByRole('link', { name: new RegExp(label) });
    > 128 |       await button.click();
          |                    ^
      129 |
      130 |       // Wait for navigation
      131 |       await page.waitForURL(`**${route}`);
        at /home/mahmoud/Work/projects/Web/eqraa/eqraa-center-hub-1/src/test/e2e/homepage.spec.ts:128:20

    attachment #1: screenshot (image/png) ──────────────────────────────────────────────────────────
    ../../../test-results/homepage-Homepage---Naviga-57816-admin-when-clicking-الإدارة-chromium/test-failed-1.png
    ────────────────────────────────────────────────────────────────────────────────────────────────

    attachment #2: video (video/webm) ──────────────────────────────────────────────────────────────
    ../../../test-results/homepage-Homepage---Naviga-57816-admin-when-clicking-الإدارة-chromium/video.webm
    ────────────────────────────────────────────────────────────────────────────────────────────────

    Error Context: ../../../test-results/homepage-Homepage---Naviga-57816-admin-when-clicking-الإدارة-chromium/error-context.md
]]>
</failure>
<system-out>
<![CDATA[
[[ATTACHMENT|test-results/homepage-Homepage---Naviga-57816-admin-when-clicking-الإدارة-chromium/test-failed-1.png]]

[[ATTACHMENT|test-results/homepage-Homepage---Naviga-57816-admin-when-clicking-الإدارة-chromium/video.webm]]

[[ATTACHMENT|test-results/homepage-Homepage---Naviga-57816-admin-when-clicking-الإدارة-chromium/error-context.md]]
]]>
</system-out>
</testcase>
<testcase name="Homepage - Navigation Routing › should navigate to /quran when clicking القرآن" classname="homepage.spec.ts" time="15.101">
<failure message="homepage.spec.ts:126:5 should navigate to /quran when clicking القرآن" type="FAILURE">
<![CDATA[  [chromium] › homepage.spec.ts:126:5 › Homepage - Navigation Routing › should navigate to /quran when clicking القرآن 

    TimeoutError: locator.click: Timeout 10000ms exceeded.
    Call log:
      - waiting for getByRole('link', { name: /القرآن/ })


      126 |     test(`should navigate to ${route} when clicking ${label}`, async ({ page }) => {
      127 |       const button = page.getByRole('link', { name: new RegExp(label) });
    > 128 |       await button.click();
          |                    ^
      129 |
      130 |       // Wait for navigation
      131 |       await page.waitForURL(`**${route}`);
        at /home/mahmoud/Work/projects/Web/eqraa/eqraa-center-hub-1/src/test/e2e/homepage.spec.ts:128:20

    attachment #1: screenshot (image/png) ──────────────────────────────────────────────────────────
    ../../../test-results/homepage-Homepage---Naviga-01a27--quran-when-clicking-القرآن-chromium/test-failed-1.png
    ────────────────────────────────────────────────────────────────────────────────────────────────

    attachment #2: video (video/webm) ──────────────────────────────────────────────────────────────
    ../../../test-results/homepage-Homepage---Naviga-01a27--quran-when-clicking-القرآن-chromium/video.webm
    ────────────────────────────────────────────────────────────────────────────────────────────────

    Error Context: ../../../test-results/homepage-Homepage---Naviga-01a27--quran-when-clicking-القرآن-chromium/error-context.md
]]>
</failure>
<system-out>
<![CDATA[
[[ATTACHMENT|test-results/homepage-Homepage---Naviga-01a27--quran-when-clicking-القرآن-chromium/test-failed-1.png]]

[[ATTACHMENT|test-results/homepage-Homepage---Naviga-01a27--quran-when-clicking-القرآن-chromium/video.webm]]

[[ATTACHMENT|test-results/homepage-Homepage---Naviga-01a27--quran-when-clicking-القرآن-chromium/error-context.md]]
]]>
</system-out>
</testcase>
<testcase name="Homepage - Navigation Routing › should navigate to /tajweed when clicking التجويد" classname="homepage.spec.ts" time="13.141">
<failure message="homepage.spec.ts:126:5 should navigate to /tajweed when clicking التجويد" type="FAILURE">
<![CDATA[  [chromium] › homepage.spec.ts:126:5 › Homepage - Navigation Routing › should navigate to /tajweed when clicking التجويد 

    TimeoutError: locator.click: Timeout 10000ms exceeded.
    Call log:
      - waiting for getByRole('link', { name: /التجويد/ })


      126 |     test(`should navigate to ${route} when clicking ${label}`, async ({ page }) => {
      127 |       const button = page.getByRole('link', { name: new RegExp(label) });
    > 128 |       await button.click();
          |                    ^
      129 |
      130 |       // Wait for navigation
      131 |       await page.waitForURL(`**${route}`);
        at /home/mahmoud/Work/projects/Web/eqraa/eqraa-center-hub-1/src/test/e2e/homepage.spec.ts:128:20

    attachment #1: screenshot (image/png) ──────────────────────────────────────────────────────────
    ../../../test-results/homepage-Homepage---Naviga-09b34-jweed-when-clicking-التجويد-chromium/test-failed-1.png
    ────────────────────────────────────────────────────────────────────────────────────────────────

    attachment #2: video (video/webm) ──────────────────────────────────────────────────────────────
    ../../../test-results/homepage-Homepage---Naviga-09b34-jweed-when-clicking-التجويد-chromium/video.webm
    ────────────────────────────────────────────────────────────────────────────────────────────────

    Error Context: ../../../test-results/homepage-Homepage---Naviga-09b34-jweed-when-clicking-التجويد-chromium/error-context.md
]]>
</failure>
<system-out>
<![CDATA[
[[ATTACHMENT|test-results/homepage-Homepage---Naviga-09b34-jweed-when-clicking-التجويد-chromium/test-failed-1.png]]

[[ATTACHMENT|test-results/homepage-Homepage---Naviga-09b34-jweed-when-clicking-التجويد-chromium/video.webm]]

[[ATTACHMENT|test-results/homepage-Homepage---Naviga-09b34-jweed-when-clicking-التجويد-chromium/error-context.md]]
]]>
</system-out>
</testcase>
<testcase name="Homepage - Navigation Routing › should navigate to /educational when clicking التربوي" classname="homepage.spec.ts" time="13.878">
<failure message="homepage.spec.ts:126:5 should navigate to /educational when clicking التربوي" type="FAILURE">
<![CDATA[  [chromium] › homepage.spec.ts:126:5 › Homepage - Navigation Routing › should navigate to /educational when clicking التربوي 

    TimeoutError: locator.click: Timeout 10000ms exceeded.
    Call log:
      - waiting for getByRole('link', { name: /التربوي/ })


      126 |     test(`should navigate to ${route} when clicking ${label}`, async ({ page }) => {
      127 |       const button = page.getByRole('link', { name: new RegExp(label) });
    > 128 |       await button.click();
          |                    ^
      129 |
      130 |       // Wait for navigation
      131 |       await page.waitForURL(`**${route}`);
        at /home/mahmoud/Work/projects/Web/eqraa/eqraa-center-hub-1/src/test/e2e/homepage.spec.ts:128:20

    attachment #1: screenshot (image/png) ──────────────────────────────────────────────────────────
    ../../../test-results/homepage-Homepage---Naviga-6491a-ional-when-clicking-التربوي-chromium/test-failed-1.png
    ────────────────────────────────────────────────────────────────────────────────────────────────

    attachment #2: video (video/webm) ──────────────────────────────────────────────────────────────
    ../../../test-results/homepage-Homepage---Naviga-6491a-ional-when-clicking-التربوي-chromium/video.webm
    ────────────────────────────────────────────────────────────────────────────────────────────────

    Error Context: ../../../test-results/homepage-Homepage---Naviga-6491a-ional-when-clicking-التربوي-chromium/error-context.md
]]>
</failure>
<system-out>
<![CDATA[
[[ATTACHMENT|test-results/homepage-Homepage---Naviga-6491a-ional-when-clicking-التربوي-chromium/test-failed-1.png]]

[[ATTACHMENT|test-results/homepage-Homepage---Naviga-6491a-ional-when-clicking-التربوي-chromium/video.webm]]

[[ATTACHMENT|test-results/homepage-Homepage---Naviga-6491a-ional-when-clicking-التربوي-chromium/error-context.md]]
]]>
</system-out>
</testcase>
<testcase name="Homepage - Navigation Routing › should navigate to /exams when clicking الامتحانات" classname="homepage.spec.ts" time="15.179">
<failure message="homepage.spec.ts:126:5 should navigate to /exams when clicking الامتحانات" type="FAILURE">
<![CDATA[  [chromium] › homepage.spec.ts:126:5 › Homepage - Navigation Routing › should navigate to /exams when clicking الامتحانات 

    TimeoutError: locator.click: Timeout 10000ms exceeded.
    Call log:
      - waiting for getByRole('link', { name: /الامتحانات/ })


      126 |     test(`should navigate to ${route} when clicking ${label}`, async ({ page }) => {
      127 |       const button = page.getByRole('link', { name: new RegExp(label) });
    > 128 |       await button.click();
          |                    ^
      129 |
      130 |       // Wait for navigation
      131 |       await page.waitForURL(`**${route}`);
        at /home/mahmoud/Work/projects/Web/eqraa/eqraa-center-hub-1/src/test/e2e/homepage.spec.ts:128:20

    attachment #1: screenshot (image/png) ──────────────────────────────────────────────────────────
    ../../../test-results/homepage-Homepage---Naviga-8ab9a-ms-when-clicking-الامتحانات-chromium/test-failed-1.png
    ────────────────────────────────────────────────────────────────────────────────────────────────

    attachment #2: video (video/webm) ──────────────────────────────────────────────────────────────
    ../../../test-results/homepage-Homepage---Naviga-8ab9a-ms-when-clicking-الامتحانات-chromium/video.webm
    ────────────────────────────────────────────────────────────────────────────────────────────────

    Error Context: ../../../test-results/homepage-Homepage---Naviga-8ab9a-ms-when-clicking-الامتحانات-chromium/error-context.md
]]>
</failure>
<system-out>
<![CDATA[
[[ATTACHMENT|test-results/homepage-Homepage---Naviga-8ab9a-ms-when-clicking-الامتحانات-chromium/test-failed-1.png]]

[[ATTACHMENT|test-results/homepage-Homepage---Naviga-8ab9a-ms-when-clicking-الامتحانات-chromium/video.webm]]

[[ATTACHMENT|test-results/homepage-Homepage---Naviga-8ab9a-ms-when-clicking-الامتحانات-chromium/error-context.md]]
]]>
</system-out>
</testcase>
<testcase name="Homepage - Navigation Routing › should navigate to /subjects when clicking المواد الدراسية" classname="homepage.spec.ts" time="13.788">
<failure message="homepage.spec.ts:126:5 should navigate to /subjects when clicking المواد الدراسية" type="FAILURE">
<![CDATA[  [chromium] › homepage.spec.ts:126:5 › Homepage - Navigation Routing › should navigate to /subjects when clicking المواد الدراسية 

    TimeoutError: locator.click: Timeout 10000ms exceeded.
    Call log:
      - waiting for getByRole('link', { name: /المواد الدراسية/ })


      126 |     test(`should navigate to ${route} when clicking ${label}`, async ({ page }) => {
      127 |       const button = page.getByRole('link', { name: new RegExp(label) });
    > 128 |       await button.click();
          |                    ^
      129 |
      130 |       // Wait for navigation
      131 |       await page.waitForURL(`**${route}`);
        at /home/mahmoud/Work/projects/Web/eqraa/eqraa-center-hub-1/src/test/e2e/homepage.spec.ts:128:20

    attachment #1: screenshot (image/png) ──────────────────────────────────────────────────────────
    ../../../test-results/homepage-Homepage---Naviga-0dc9d-en-clicking-المواد-الدراسية-chromium/test-failed-1.png
    ────────────────────────────────────────────────────────────────────────────────────────────────

    attachment #2: video (video/webm) ──────────────────────────────────────────────────────────────
    ../../../test-results/homepage-Homepage---Naviga-0dc9d-en-clicking-المواد-الدراسية-chromium/video.webm
    ────────────────────────────────────────────────────────────────────────────────────────────────

    Error Context: ../../../test-results/homepage-Homepage---Naviga-0dc9d-en-clicking-المواد-الدراسية-chromium/error-context.md
]]>
</failure>
<system-out>
<![CDATA[
[[ATTACHMENT|test-results/homepage-Homepage---Naviga-0dc9d-en-clicking-المواد-الدراسية-chromium/test-failed-1.png]]

[[ATTACHMENT|test-results/homepage-Homepage---Naviga-0dc9d-en-clicking-المواد-الدراسية-chromium/video.webm]]

[[ATTACHMENT|test-results/homepage-Homepage---Naviga-0dc9d-en-clicking-المواد-الدراسية-chromium/error-context.md]]
]]>
</system-out>
</testcase>
<testcase name="Homepage - Navigation Routing › should navigate to /schedule when clicking الجدول الدراسي" classname="homepage.spec.ts" time="12.697">
<failure message="homepage.spec.ts:126:5 should navigate to /schedule when clicking الجدول الدراسي" type="FAILURE">
<![CDATA[  [chromium] › homepage.spec.ts:126:5 › Homepage - Navigation Routing › should navigate to /schedule when clicking الجدول الدراسي 

    TimeoutError: locator.click: Timeout 10000ms exceeded.
    Call log:
      - waiting for getByRole('link', { name: /الجدول الدراسي/ })


      126 |     test(`should navigate to ${route} when clicking ${label}`, async ({ page }) => {
      127 |       const button = page.getByRole('link', { name: new RegExp(label) });
    > 128 |       await button.click();
          |                    ^
      129 |
      130 |       // Wait for navigation
      131 |       await page.waitForURL(`**${route}`);
        at /home/mahmoud/Work/projects/Web/eqraa/eqraa-center-hub-1/src/test/e2e/homepage.spec.ts:128:20

    attachment #1: screenshot (image/png) ──────────────────────────────────────────────────────────
    ../../../test-results/homepage-Homepage---Naviga-1fd8f-hen-clicking-الجدول-الدراسي-chromium/test-failed-1.png
    ────────────────────────────────────────────────────────────────────────────────────────────────

    attachment #2: video (video/webm) ──────────────────────────────────────────────────────────────
    ../../../test-results/homepage-Homepage---Naviga-1fd8f-hen-clicking-الجدول-الدراسي-chromium/video.webm
    ────────────────────────────────────────────────────────────────────────────────────────────────

    Error Context: ../../../test-results/homepage-Homepage---Naviga-1fd8f-hen-clicking-الجدول-الدراسي-chromium/error-context.md
]]>
</failure>
<system-out>
<![CDATA[
[[ATTACHMENT|test-results/homepage-Homepage---Naviga-1fd8f-hen-clicking-الجدول-الدراسي-chromium/test-failed-1.png]]

[[ATTACHMENT|test-results/homepage-Homepage---Naviga-1fd8f-hen-clicking-الجدول-الدراسي-chromium/video.webm]]

[[ATTACHMENT|test-results/homepage-Homepage---Naviga-1fd8f-hen-clicking-الجدول-الدراسي-chromium/error-context.md]]
]]>
</system-out>
</testcase>
<testcase name="Homepage - Navigation Routing › should navigate to /attendance when clicking الحضور والانصراف" classname="homepage.spec.ts" time="18.9">
<failure message="homepage.spec.ts:126:5 should navigate to /attendance when clicking الحضور والانصراف" type="FAILURE">
<![CDATA[  [chromium] › homepage.spec.ts:126:5 › Homepage - Navigation Routing › should navigate to /attendance when clicking الحضور والانصراف 

    TimeoutError: locator.click: Timeout 10000ms exceeded.
    Call log:
      - waiting for getByRole('link', { name: /الحضور والانصراف/ })


      126 |     test(`should navigate to ${route} when clicking ${label}`, async ({ page }) => {
      127 |       const button = page.getByRole('link', { name: new RegExp(label) });
    > 128 |       await button.click();
          |                    ^
      129 |
      130 |       // Wait for navigation
      131 |       await page.waitForURL(`**${route}`);
        at /home/mahmoud/Work/projects/Web/eqraa/eqraa-center-hub-1/src/test/e2e/homepage.spec.ts:128:20

    attachment #1: screenshot (image/png) ──────────────────────────────────────────────────────────
    ../../../test-results/homepage-Homepage---Naviga-553aa-n-clicking-الحضور-والانصراف-chromium/test-failed-1.png
    ────────────────────────────────────────────────────────────────────────────────────────────────

    attachment #2: video (video/webm) ──────────────────────────────────────────────────────────────
    ../../../test-results/homepage-Homepage---Naviga-553aa-n-clicking-الحضور-والانصراف-chromium/video.webm
    ────────────────────────────────────────────────────────────────────────────────────────────────

    Error Context: ../../../test-results/homepage-Homepage---Naviga-553aa-n-clicking-الحضور-والانصراف-chromium/error-context.md
]]>
</failure>
<system-out>
<![CDATA[
[[ATTACHMENT|test-results/homepage-Homepage---Naviga-553aa-n-clicking-الحضور-والانصراف-chromium/test-failed-1.png]]

[[ATTACHMENT|test-results/homepage-Homepage---Naviga-553aa-n-clicking-الحضور-والانصراف-chromium/video.webm]]

[[ATTACHMENT|test-results/homepage-Homepage---Naviga-553aa-n-clicking-الحضور-والانصراف-chromium/error-context.md]]
]]>
</system-out>
</testcase>
<testcase name="Homepage - Navigation Routing › should navigate to /students when clicking الطلاب" classname="homepage.spec.ts" time="12.386">
<failure message="homepage.spec.ts:126:5 should navigate to /students when clicking الطلاب" type="FAILURE">
<![CDATA[  [chromium] › homepage.spec.ts:126:5 › Homepage - Navigation Routing › should navigate to /students when clicking الطلاب 

    TimeoutError: locator.click: Timeout 10000ms exceeded.
    Call log:
      - waiting for getByRole('link', { name: /الطلاب/ })


      126 |     test(`should navigate to ${route} when clicking ${label}`, async ({ page }) => {
      127 |       const button = page.getByRole('link', { name: new RegExp(label) });
    > 128 |       await button.click();
          |                    ^
      129 |
      130 |       // Wait for navigation
      131 |       await page.waitForURL(`**${route}`);
        at /home/mahmoud/Work/projects/Web/eqraa/eqraa-center-hub-1/src/test/e2e/homepage.spec.ts:128:20

    attachment #1: screenshot (image/png) ──────────────────────────────────────────────────────────
    ../../../test-results/homepage-Homepage---Naviga-127d3-udents-when-clicking-الطلاب-chromium/test-failed-1.png
    ────────────────────────────────────────────────────────────────────────────────────────────────

    attachment #2: video (video/webm) ──────────────────────────────────────────────────────────────
    ../../../test-results/homepage-Homepage---Naviga-127d3-udents-when-clicking-الطلاب-chromium/video.webm
    ────────────────────────────────────────────────────────────────────────────────────────────────

    Error Context: ../../../test-results/homepage-Homepage---Naviga-127d3-udents-when-clicking-الطلاب-chromium/error-context.md
]]>
</failure>
<system-out>
<![CDATA[
[[ATTACHMENT|test-results/homepage-Homepage---Naviga-127d3-udents-when-clicking-الطلاب-chromium/test-failed-1.png]]

[[ATTACHMENT|test-results/homepage-Homepage---Naviga-127d3-udents-when-clicking-الطلاب-chromium/video.webm]]

[[ATTACHMENT|test-results/homepage-Homepage---Naviga-127d3-udents-when-clicking-الطلاب-chromium/error-context.md]]
]]>
</system-out>
</testcase>
<testcase name="Homepage - Navigation Routing › should navigate to /teachers when clicking المدرسون" classname="homepage.spec.ts" time="14.059">
<failure message="homepage.spec.ts:126:5 should navigate to /teachers when clicking المدرسون" type="FAILURE">
<![CDATA[  [chromium] › homepage.spec.ts:126:5 › Homepage - Navigation Routing › should navigate to /teachers when clicking المدرسون 

    TimeoutError: locator.click: Timeout 10000ms exceeded.
    Call log:
      - waiting for getByRole('link', { name: /المدرسون/ })


      126 |     test(`should navigate to ${route} when clicking ${label}`, async ({ page }) => {
      127 |       const button = page.getByRole('link', { name: new RegExp(label) });
    > 128 |       await button.click();
          |                    ^
      129 |
      130 |       // Wait for navigation
      131 |       await page.waitForURL(`**${route}`);
        at /home/mahmoud/Work/projects/Web/eqraa/eqraa-center-hub-1/src/test/e2e/homepage.spec.ts:128:20

    attachment #1: screenshot (image/png) ──────────────────────────────────────────────────────────
    ../../../test-results/homepage-Homepage---Naviga-35cde-hers-when-clicking-المدرسون-chromium/test-failed-1.png
    ────────────────────────────────────────────────────────────────────────────────────────────────

    attachment #2: video (video/webm) ──────────────────────────────────────────────────────────────
    ../../../test-results/homepage-Homepage---Naviga-35cde-hers-when-clicking-المدرسون-chromium/video.webm
    ────────────────────────────────────────────────────────────────────────────────────────────────

    Error Context: ../../../test-results/homepage-Homepage---Naviga-35cde-hers-when-clicking-المدرسون-chromium/error-context.md
]]>
</failure>
<system-out>
<![CDATA[
[[ATTACHMENT|test-results/homepage-Homepage---Naviga-35cde-hers-when-clicking-المدرسون-chromium/test-failed-1.png]]

[[ATTACHMENT|test-results/homepage-Homepage---Naviga-35cde-hers-when-clicking-المدرسون-chromium/video.webm]]

[[ATTACHMENT|test-results/homepage-Homepage---Naviga-35cde-hers-when-clicking-المدرسون-chromium/error-context.md]]
]]>
</system-out>
</testcase>
<testcase name="Homepage - Navigation Routing › should navigate to /quran-circles when clicking حلقات القرآن" classname="homepage.spec.ts" time="13.669">
<failure message="homepage.spec.ts:126:5 should navigate to /quran-circles when clicking حلقات القرآن" type="FAILURE">
<![CDATA[  [chromium] › homepage.spec.ts:126:5 › Homepage - Navigation Routing › should navigate to /quran-circles when clicking حلقات القرآن 

    TimeoutError: locator.click: Timeout 10000ms exceeded.
    Call log:
      - waiting for getByRole('link', { name: /حلقات القرآن/ })


      126 |     test(`should navigate to ${route} when clicking ${label}`, async ({ page }) => {
      127 |       const button = page.getByRole('link', { name: new RegExp(label) });
    > 128 |       await button.click();
          |                    ^
      129 |
      130 |       // Wait for navigation
      131 |       await page.waitForURL(`**${route}`);
        at /home/mahmoud/Work/projects/Web/eqraa/eqraa-center-hub-1/src/test/e2e/homepage.spec.ts:128:20

    attachment #1: screenshot (image/png) ──────────────────────────────────────────────────────────
    ../../../test-results/homepage-Homepage---Naviga-f05be--when-clicking-حلقات-القرآن-chromium/test-failed-1.png
    ────────────────────────────────────────────────────────────────────────────────────────────────

    attachment #2: video (video/webm) ──────────────────────────────────────────────────────────────
    ../../../test-results/homepage-Homepage---Naviga-f05be--when-clicking-حلقات-القرآن-chromium/video.webm
    ────────────────────────────────────────────────────────────────────────────────────────────────

    Error Context: ../../../test-results/homepage-Homepage---Naviga-f05be--when-clicking-حلقات-القرآن-chromium/error-context.md
]]>
</failure>
<system-out>
<![CDATA[
[[ATTACHMENT|test-results/homepage-Homepage---Naviga-f05be--when-clicking-حلقات-القرآن-chromium/test-failed-1.png]]

[[ATTACHMENT|test-results/homepage-Homepage---Naviga-f05be--when-clicking-حلقات-القرآن-chromium/video.webm]]

[[ATTACHMENT|test-results/homepage-Homepage---Naviga-f05be--when-clicking-حلقات-القرآن-chromium/error-context.md]]
]]>
</system-out>
</testcase>
<testcase name="Homepage - Navigation Routing › should navigate to /announcements when clicking الإعلانات" classname="homepage.spec.ts" time="13.002">
<failure message="homepage.spec.ts:126:5 should navigate to /announcements when clicking الإعلانات" type="FAILURE">
<![CDATA[  [chromium] › homepage.spec.ts:126:5 › Homepage - Navigation Routing › should navigate to /announcements when clicking الإعلانات 

    TimeoutError: locator.click: Timeout 10000ms exceeded.
    Call log:
      - waiting for getByRole('link', { name: /الإعلانات/ })


      126 |     test(`should navigate to ${route} when clicking ${label}`, async ({ page }) => {
      127 |       const button = page.getByRole('link', { name: new RegExp(label) });
    > 128 |       await button.click();
          |                    ^
      129 |
      130 |       // Wait for navigation
      131 |       await page.waitForURL(`**${route}`);
        at /home/mahmoud/Work/projects/Web/eqraa/eqraa-center-hub-1/src/test/e2e/homepage.spec.ts:128:20

    attachment #1: screenshot (image/png) ──────────────────────────────────────────────────────────
    ../../../test-results/homepage-Homepage---Naviga-e3d60-nts-when-clicking-الإعلانات-chromium/test-failed-1.png
    ────────────────────────────────────────────────────────────────────────────────────────────────

    attachment #2: video (video/webm) ──────────────────────────────────────────────────────────────
    ../../../test-results/homepage-Homepage---Naviga-e3d60-nts-when-clicking-الإعلانات-chromium/video.webm
    ────────────────────────────────────────────────────────────────────────────────────────────────

    Error Context: ../../../test-results/homepage-Homepage---Naviga-e3d60-nts-when-clicking-الإعلانات-chromium/error-context.md
]]>
</failure>
<system-out>
<![CDATA[
[[ATTACHMENT|test-results/homepage-Homepage---Naviga-e3d60-nts-when-clicking-الإعلانات-chromium/test-failed-1.png]]

[[ATTACHMENT|test-results/homepage-Homepage---Naviga-e3d60-nts-when-clicking-الإعلانات-chromium/video.webm]]

[[ATTACHMENT|test-results/homepage-Homepage---Naviga-e3d60-nts-when-clicking-الإعلانات-chromium/error-context.md]]
]]>
</system-out>
</testcase>
<testcase name="Homepage - Navigation Routing › should navigate to /library when clicking المكتبة العلمية" classname="homepage.spec.ts" time="14.027">
<failure message="homepage.spec.ts:126:5 should navigate to /library when clicking المكتبة العلمية" type="FAILURE">
<![CDATA[  [chromium] › homepage.spec.ts:126:5 › Homepage - Navigation Routing › should navigate to /library when clicking المكتبة العلمية 

    TimeoutError: locator.click: Timeout 10000ms exceeded.
    Call log:
      - waiting for getByRole('link', { name: /المكتبة العلمية/ })


      126 |     test(`should navigate to ${route} when clicking ${label}`, async ({ page }) => {
      127 |       const button = page.getByRole('link', { name: new RegExp(label) });
    > 128 |       await button.click();
          |                    ^
      129 |
      130 |       // Wait for navigation
      131 |       await page.waitForURL(`**${route}`);
        at /home/mahmoud/Work/projects/Web/eqraa/eqraa-center-hub-1/src/test/e2e/homepage.spec.ts:128:20

    attachment #1: screenshot (image/png) ──────────────────────────────────────────────────────────
    ../../../test-results/homepage-Homepage---Naviga-f6fa4-en-clicking-المكتبة-العلمية-chromium/test-failed-1.png
    ────────────────────────────────────────────────────────────────────────────────────────────────

    attachment #2: video (video/webm) ──────────────────────────────────────────────────────────────
    ../../../test-results/homepage-Homepage---Naviga-f6fa4-en-clicking-المكتبة-العلمية-chromium/video.webm
    ────────────────────────────────────────────────────────────────────────────────────────────────

    Error Context: ../../../test-results/homepage-Homepage---Naviga-f6fa4-en-clicking-المكتبة-العلمية-chromium/error-context.md
]]>
</failure>
<system-out>
<![CDATA[
[[ATTACHMENT|test-results/homepage-Homepage---Naviga-f6fa4-en-clicking-المكتبة-العلمية-chromium/test-failed-1.png]]

[[ATTACHMENT|test-results/homepage-Homepage---Naviga-f6fa4-en-clicking-المكتبة-العلمية-chromium/video.webm]]

[[ATTACHMENT|test-results/homepage-Homepage---Naviga-f6fa4-en-clicking-المكتبة-العلمية-chromium/error-context.md]]
]]>
</system-out>
</testcase>
<testcase name="Homepage - Navigation Routing › should navigate to /settings when clicking الإعدادات" classname="homepage.spec.ts" time="13.462">
<failure message="homepage.spec.ts:126:5 should navigate to /settings when clicking الإعدادات" type="FAILURE">
<![CDATA[  [chromium] › homepage.spec.ts:126:5 › Homepage - Navigation Routing › should navigate to /settings when clicking الإعدادات 

    TimeoutError: locator.click: Timeout 10000ms exceeded.
    Call log:
      - waiting for getByRole('link', { name: /الإعدادات/ })


      126 |     test(`should navigate to ${route} when clicking ${label}`, async ({ page }) => {
      127 |       const button = page.getByRole('link', { name: new RegExp(label) });
    > 128 |       await button.click();
          |                    ^
      129 |
      130 |       // Wait for navigation
      131 |       await page.waitForURL(`**${route}`);
        at /home/mahmoud/Work/projects/Web/eqraa/eqraa-center-hub-1/src/test/e2e/homepage.spec.ts:128:20

    attachment #1: screenshot (image/png) ──────────────────────────────────────────────────────────
    ../../../test-results/homepage-Homepage---Naviga-b1adb-ngs-when-clicking-الإعدادات-chromium/test-failed-1.png
    ────────────────────────────────────────────────────────────────────────────────────────────────

    attachment #2: video (video/webm) ──────────────────────────────────────────────────────────────
    ../../../test-results/homepage-Homepage---Naviga-b1adb-ngs-when-clicking-الإعدادات-chromium/video.webm
    ────────────────────────────────────────────────────────────────────────────────────────────────

    Error Context: ../../../test-results/homepage-Homepage---Naviga-b1adb-ngs-when-clicking-الإعدادات-chromium/error-context.md
]]>
</failure>
<system-out>
<![CDATA[
[[ATTACHMENT|test-results/homepage-Homepage---Naviga-b1adb-ngs-when-clicking-الإعدادات-chromium/test-failed-1.png]]

[[ATTACHMENT|test-results/homepage-Homepage---Naviga-b1adb-ngs-when-clicking-الإعدادات-chromium/video.webm]]

[[ATTACHMENT|test-results/homepage-Homepage---Naviga-b1adb-ngs-when-clicking-الإعدادات-chromium/error-context.md]]
]]>
</system-out>
</testcase>
<testcase name="Homepage - Navigation Routing › should navigate to /meetings when clicking الاجتماعات" classname="homepage.spec.ts" time="14.083">
<failure message="homepage.spec.ts:126:5 should navigate to /meetings when clicking الاجتماعات" type="FAILURE">
<![CDATA[  [chromium] › homepage.spec.ts:126:5 › Homepage - Navigation Routing › should navigate to /meetings when clicking الاجتماعات 

    TimeoutError: locator.click: Timeout 10000ms exceeded.
    Call log:
      - waiting for getByRole('link', { name: /الاجتماعات/ })


      126 |     test(`should navigate to ${route} when clicking ${label}`, async ({ page }) => {
      127 |       const button = page.getByRole('link', { name: new RegExp(label) });
    > 128 |       await button.click();
          |                    ^
      129 |
      130 |       // Wait for navigation
      131 |       await page.waitForURL(`**${route}`);
        at /home/mahmoud/Work/projects/Web/eqraa/eqraa-center-hub-1/src/test/e2e/homepage.spec.ts:128:20

    attachment #1: screenshot (image/png) ──────────────────────────────────────────────────────────
    ../../../test-results/homepage-Homepage---Naviga-4b7f8-gs-when-clicking-الاجتماعات-chromium/test-failed-1.png
    ────────────────────────────────────────────────────────────────────────────────────────────────

    attachment #2: video (video/webm) ──────────────────────────────────────────────────────────────
    ../../../test-results/homepage-Homepage---Naviga-4b7f8-gs-when-clicking-الاجتماعات-chromium/video.webm
    ────────────────────────────────────────────────────────────────────────────────────────────────

    Error Context: ../../../test-results/homepage-Homepage---Naviga-4b7f8-gs-when-clicking-الاجتماعات-chromium/error-context.md
]]>
</failure>
<system-out>
<![CDATA[
[[ATTACHMENT|test-results/homepage-Homepage---Naviga-4b7f8-gs-when-clicking-الاجتماعات-chromium/test-failed-1.png]]

[[ATTACHMENT|test-results/homepage-Homepage---Naviga-4b7f8-gs-when-clicking-الاجتماعات-chromium/video.webm]]

[[ATTACHMENT|test-results/homepage-Homepage---Naviga-4b7f8-gs-when-clicking-الاجتماعات-chromium/error-context.md]]
]]>
</system-out>
</testcase>
<testcase name="Homepage - Navigation Routing › should navigate to /suggestions when clicking المقترحات" classname="homepage.spec.ts" time="13.156">
<failure message="homepage.spec.ts:126:5 should navigate to /suggestions when clicking المقترحات" type="FAILURE">
<![CDATA[  [chromium] › homepage.spec.ts:126:5 › Homepage - Navigation Routing › should navigate to /suggestions when clicking المقترحات 

    TimeoutError: locator.click: Timeout 10000ms exceeded.
    Call log:
      - waiting for getByRole('link', { name: /المقترحات/ })


      126 |     test(`should navigate to ${route} when clicking ${label}`, async ({ page }) => {
      127 |       const button = page.getByRole('link', { name: new RegExp(label) });
    > 128 |       await button.click();
          |                    ^
      129 |
      130 |       // Wait for navigation
      131 |       await page.waitForURL(`**${route}`);
        at /home/mahmoud/Work/projects/Web/eqraa/eqraa-center-hub-1/src/test/e2e/homepage.spec.ts:128:20

    attachment #1: screenshot (image/png) ──────────────────────────────────────────────────────────
    ../../../test-results/homepage-Homepage---Naviga-4b0b5-ons-when-clicking-المقترحات-chromium/test-failed-1.png
    ────────────────────────────────────────────────────────────────────────────────────────────────

    attachment #2: video (video/webm) ──────────────────────────────────────────────────────────────
    ../../../test-results/homepage-Homepage---Naviga-4b0b5-ons-when-clicking-المقترحات-chromium/video.webm
    ────────────────────────────────────────────────────────────────────────────────────────────────

    Error Context: ../../../test-results/homepage-Homepage---Naviga-4b0b5-ons-when-clicking-المقترحات-chromium/error-context.md
]]>
</failure>
<system-out>
<![CDATA[
[[ATTACHMENT|test-results/homepage-Homepage---Naviga-4b0b5-ons-when-clicking-المقترحات-chromium/test-failed-1.png]]

[[ATTACHMENT|test-results/homepage-Homepage---Naviga-4b0b5-ons-when-clicking-المقترحات-chromium/video.webm]]

[[ATTACHMENT|test-results/homepage-Homepage---Naviga-4b0b5-ons-when-clicking-المقترحات-chromium/error-context.md]]
]]>
</system-out>
</testcase>
<testcase name="Homepage - Footer › should display footer with copyright" classname="homepage.spec.ts" time="12.941">
<failure message="homepage.spec.ts:144:3 should display footer with copyright" type="FAILURE">
<![CDATA[  [chromium] › homepage.spec.ts:144:3 › Homepage - Footer › should display footer with copyright ───

    Error: expect(locator).toBeVisible() failed

    Locator: locator('footer')
    Expected: visible
    Timeout: 10000ms
    Error: element(s) not found

    Call log:
      - Expect "toBeVisible" with timeout 10000ms
      - waiting for locator('footer')


      144 |   test('should display footer with copyright', async ({ page }) => {
      145 |     const footer = page.locator('footer');
    > 146 |     await expect(footer).toBeVisible();
          |                          ^
      147 |   });
      148 |
      149 |   test('should display institute name in footer', async ({ page }) => {
        at /home/mahmoud/Work/projects/Web/eqraa/eqraa-center-hub-1/src/test/e2e/homepage.spec.ts:146:26

    attachment #1: screenshot (image/png) ──────────────────────────────────────────────────────────
    ../../../test-results/homepage-Homepage---Footer-aaf20-splay-footer-with-copyright-chromium/test-failed-1.png
    ────────────────────────────────────────────────────────────────────────────────────────────────

    attachment #2: video (video/webm) ──────────────────────────────────────────────────────────────
    ../../../test-results/homepage-Homepage---Footer-aaf20-splay-footer-with-copyright-chromium/video.webm
    ────────────────────────────────────────────────────────────────────────────────────────────────

    Error Context: ../../../test-results/homepage-Homepage---Footer-aaf20-splay-footer-with-copyright-chromium/error-context.md
]]>
</failure>
<system-out>
<![CDATA[
[[ATTACHMENT|test-results/homepage-Homepage---Footer-aaf20-splay-footer-with-copyright-chromium/test-failed-1.png]]

[[ATTACHMENT|test-results/homepage-Homepage---Footer-aaf20-splay-footer-with-copyright-chromium/video.webm]]

[[ATTACHMENT|test-results/homepage-Homepage---Footer-aaf20-splay-footer-with-copyright-chromium/error-context.md]]
]]>
</system-out>
</testcase>
<testcase name="Homepage - Footer › should display institute name in footer" classname="homepage.spec.ts" time="13.708">
<failure message="homepage.spec.ts:149:3 should display institute name in footer" type="FAILURE">
<![CDATA[  [chromium] › homepage.spec.ts:149:3 › Homepage - Footer › should display institute name in footer 

    Error: expect(locator).toBeVisible() failed

    Locator: getByText(/معهد فاطمة الزهراء للعلوم الشرعية/)
    Expected: visible
    Timeout: 10000ms
    Error: element(s) not found

    Call log:
      - Expect "toBeVisible" with timeout 10000ms
      - waiting for getByText(/معهد فاطمة الزهراء للعلوم الشرعية/)


      149 |   test('should display institute name in footer', async ({ page }) => {
      150 |     const copyrightText = page.getByText(/معهد فاطمة الزهراء للعلوم الشرعية/);
    > 151 |     await expect(copyrightText).toBeVisible();
          |                                 ^
      152 |   });
      153 |
      154 |   test('should display current year in footer', async ({ page }) => {
        at /home/mahmoud/Work/projects/Web/eqraa/eqraa-center-hub-1/src/test/e2e/homepage.spec.ts:151:33

    attachment #1: screenshot (image/png) ──────────────────────────────────────────────────────────
    ../../../test-results/homepage-Homepage---Footer-9d583-ay-institute-name-in-footer-chromium/test-failed-1.png
    ────────────────────────────────────────────────────────────────────────────────────────────────

    attachment #2: video (video/webm) ──────────────────────────────────────────────────────────────
    ../../../test-results/homepage-Homepage---Footer-9d583-ay-institute-name-in-footer-chromium/video.webm
    ────────────────────────────────────────────────────────────────────────────────────────────────

    Error Context: ../../../test-results/homepage-Homepage---Footer-9d583-ay-institute-name-in-footer-chromium/error-context.md
]]>
</failure>
<system-out>
<![CDATA[
[[ATTACHMENT|test-results/homepage-Homepage---Footer-9d583-ay-institute-name-in-footer-chromium/test-failed-1.png]]

[[ATTACHMENT|test-results/homepage-Homepage---Footer-9d583-ay-institute-name-in-footer-chromium/video.webm]]

[[ATTACHMENT|test-results/homepage-Homepage---Footer-9d583-ay-institute-name-in-footer-chromium/error-context.md]]
]]>
</system-out>
</testcase>
<testcase name="Homepage - Footer › should display current year in footer" classname="homepage.spec.ts" time="13.798">
<failure message="homepage.spec.ts:154:3 should display current year in footer" type="FAILURE">
<![CDATA[  [chromium] › homepage.spec.ts:154:3 › Homepage - Footer › should display current year in footer ──

    Error: expect(locator).toBeVisible() failed

    Locator: getByText(/2025/)
    Expected: visible
    Timeout: 10000ms
    Error: element(s) not found

    Call log:
      - Expect "toBeVisible" with timeout 10000ms
      - waiting for getByText(/2025/)


      155 |     const currentYear = new Date().getFullYear().toString();
      156 |     const yearText = page.getByText(new RegExp(currentYear));
    > 157 |     await expect(yearText).toBeVisible();
          |                            ^
      158 |   });
      159 |
      160 |   test('should display "all rights reserved" text', async ({ page }) => {
        at /home/mahmoud/Work/projects/Web/eqraa/eqraa-center-hub-1/src/test/e2e/homepage.spec.ts:157:28

    attachment #1: screenshot (image/png) ──────────────────────────────────────────────────────────
    ../../../test-results/homepage-Homepage---Footer-12344-play-current-year-in-footer-chromium/test-failed-1.png
    ────────────────────────────────────────────────────────────────────────────────────────────────

    attachment #2: video (video/webm) ──────────────────────────────────────────────────────────────
    ../../../test-results/homepage-Homepage---Footer-12344-play-current-year-in-footer-chromium/video.webm
    ────────────────────────────────────────────────────────────────────────────────────────────────

    Error Context: ../../../test-results/homepage-Homepage---Footer-12344-play-current-year-in-footer-chromium/error-context.md
]]>
</failure>
<system-out>
<![CDATA[
[[ATTACHMENT|test-results/homepage-Homepage---Footer-12344-play-current-year-in-footer-chromium/test-failed-1.png]]

[[ATTACHMENT|test-results/homepage-Homepage---Footer-12344-play-current-year-in-footer-chromium/video.webm]]

[[ATTACHMENT|test-results/homepage-Homepage---Footer-12344-play-current-year-in-footer-chromium/error-context.md]]
]]>
</system-out>
</testcase>
<testcase name="Homepage - Footer › should display &quot;all rights reserved&quot; text" classname="homepage.spec.ts" time="13.217">
<failure message="homepage.spec.ts:160:3 should display &quot;all rights reserved&quot; text" type="FAILURE">
<![CDATA[  [chromium] › homepage.spec.ts:160:3 › Homepage - Footer › should display "all rights reserved" text 

    Error: expect(locator).toBeVisible() failed

    Locator: getByText(/جميع الحقوق محفوظة/)
    Expected: visible
    Timeout: 10000ms
    Error: element(s) not found

    Call log:
      - Expect "toBeVisible" with timeout 10000ms
      - waiting for getByText(/جميع الحقوق محفوظة/)


      160 |   test('should display "all rights reserved" text', async ({ page }) => {
      161 |     const rightsText = page.getByText(/جميع الحقوق محفوظة/);
    > 162 |     await expect(rightsText).toBeVisible();
          |                              ^
      163 |   });
      164 | });
      165 |
        at /home/mahmoud/Work/projects/Web/eqraa/eqraa-center-hub-1/src/test/e2e/homepage.spec.ts:162:30

    attachment #1: screenshot (image/png) ──────────────────────────────────────────────────────────
    ../../../test-results/homepage-Homepage---Footer-19020-ay-all-rights-reserved-text-chromium/test-failed-1.png
    ────────────────────────────────────────────────────────────────────────────────────────────────

    attachment #2: video (video/webm) ──────────────────────────────────────────────────────────────
    ../../../test-results/homepage-Homepage---Footer-19020-ay-all-rights-reserved-text-chromium/video.webm
    ────────────────────────────────────────────────────────────────────────────────────────────────

    Error Context: ../../../test-results/homepage-Homepage---Footer-19020-ay-all-rights-reserved-text-chromium/error-context.md
]]>
</failure>
<system-out>
<![CDATA[
[[ATTACHMENT|test-results/homepage-Homepage---Footer-19020-ay-all-rights-reserved-text-chromium/test-failed-1.png]]

[[ATTACHMENT|test-results/homepage-Homepage---Footer-19020-ay-all-rights-reserved-text-chromium/video.webm]]

[[ATTACHMENT|test-results/homepage-Homepage---Footer-19020-ay-all-rights-reserved-text-chromium/error-context.md]]
]]>
</system-out>
</testcase>
<testcase name="Homepage - Responsive Design › should display correctly on mobile (375px)" classname="homepage.spec.ts" time="12.572">
<failure message="homepage.spec.ts:167:3 should display correctly on mobile (375px)" type="FAILURE">
<![CDATA[  [chromium] › homepage.spec.ts:167:3 › Homepage - Responsive Design › should display correctly on mobile (375px) 

    Error: expect(locator).toBeVisible() failed

    Locator: getByText('معهد فاطمة الزهراء')
    Expected: visible
    Timeout: 10000ms
    Error: element(s) not found

    Call log:
      - Expect "toBeVisible" with timeout 10000ms
      - waiting for getByText('معهد فاطمة الزهراء')


      171 |
      172 |     // Verify content is visible
    > 173 |     await expect(page.getByText('معهد فاطمة الزهراء')).toBeVisible();
          |                                                        ^
      174 |     await expect(page.getByText('مرحباً بك')).toBeVisible();
      175 |
      176 |     // Check grid is present
        at /home/mahmoud/Work/projects/Web/eqraa/eqraa-center-hub-1/src/test/e2e/homepage.spec.ts:173:56

    attachment #1: screenshot (image/png) ──────────────────────────────────────────────────────────
    ../../../test-results/homepage-Homepage---Respon-caa55--correctly-on-mobile-375px--chromium/test-failed-1.png
    ────────────────────────────────────────────────────────────────────────────────────────────────

    attachment #2: video (video/webm) ──────────────────────────────────────────────────────────────
    ../../../test-results/homepage-Homepage---Respon-caa55--correctly-on-mobile-375px--chromium/video.webm
    ────────────────────────────────────────────────────────────────────────────────────────────────

    Error Context: ../../../test-results/homepage-Homepage---Respon-caa55--correctly-on-mobile-375px--chromium/error-context.md
]]>
</failure>
<system-out>
<![CDATA[
[[ATTACHMENT|test-results/homepage-Homepage---Respon-caa55--correctly-on-mobile-375px--chromium/test-failed-1.png]]

[[ATTACHMENT|test-results/homepage-Homepage---Respon-caa55--correctly-on-mobile-375px--chromium/video.webm]]

[[ATTACHMENT|test-results/homepage-Homepage---Respon-caa55--correctly-on-mobile-375px--chromium/error-context.md]]
]]>
</system-out>
</testcase>
<testcase name="Homepage - Responsive Design › should display correctly on tablet (768px)" classname="homepage.spec.ts" time="13.692">
<failure message="homepage.spec.ts:186:3 should display correctly on tablet (768px)" type="FAILURE">
<![CDATA[  [chromium] › homepage.spec.ts:186:3 › Homepage - Responsive Design › should display correctly on tablet (768px) 

    Error: expect(locator).toBeVisible() failed

    Locator: getByText('معهد فاطمة الزهراء')
    Expected: visible
    Timeout: 10000ms
    Error: element(s) not found

    Call log:
      - Expect "toBeVisible" with timeout 10000ms
      - waiting for getByText('معهد فاطمة الزهراء')


      190 |
      191 |     // Verify content is visible
    > 192 |     await expect(page.getByText('معهد فاطمة الزهراء')).toBeVisible();
          |                                                        ^
      193 |     await expect(page.getByText('مرحباً بك')).toBeVisible();
      194 |
      195 |     // All buttons should be visible without scrolling (vertically)
        at /home/mahmoud/Work/projects/Web/eqraa/eqraa-center-hub-1/src/test/e2e/homepage.spec.ts:192:56

    attachment #1: screenshot (image/png) ──────────────────────────────────────────────────────────
    ../../../test-results/homepage-Homepage---Respon-35701--correctly-on-tablet-768px--chromium/test-failed-1.png
    ────────────────────────────────────────────────────────────────────────────────────────────────

    attachment #2: video (video/webm) ──────────────────────────────────────────────────────────────
    ../../../test-results/homepage-Homepage---Respon-35701--correctly-on-tablet-768px--chromium/video.webm
    ────────────────────────────────────────────────────────────────────────────────────────────────

    Error Context: ../../../test-results/homepage-Homepage---Respon-35701--correctly-on-tablet-768px--chromium/error-context.md
]]>
</failure>
<system-out>
<![CDATA[
[[ATTACHMENT|test-results/homepage-Homepage---Respon-35701--correctly-on-tablet-768px--chromium/test-failed-1.png]]

[[ATTACHMENT|test-results/homepage-Homepage---Respon-35701--correctly-on-tablet-768px--chromium/video.webm]]

[[ATTACHMENT|test-results/homepage-Homepage---Respon-35701--correctly-on-tablet-768px--chromium/error-context.md]]
]]>
</system-out>
</testcase>
<testcase name="Homepage - Responsive Design › should display correctly on desktop (1920px)" classname="homepage.spec.ts" time="15.715">
<failure message="homepage.spec.ts:200:3 should display correctly on desktop (1920px)" type="FAILURE">
<![CDATA[  [chromium] › homepage.spec.ts:200:3 › Homepage - Responsive Design › should display correctly on desktop (1920px) 

    Error: expect(locator).toBeVisible() failed

    Locator: getByText('معهد فاطمة الزهراء')
    Expected: visible
    Timeout: 10000ms
    Error: element(s) not found

    Call log:
      - Expect "toBeVisible" with timeout 10000ms
      - waiting for getByText('معهد فاطمة الزهراء')


      204 |
      205 |     // Verify content is visible
    > 206 |     await expect(page.getByText('معهد فاطمة الزهراء')).toBeVisible();
          |                                                        ^
      207 |
      208 |     // Content should be centered with max-width
      209 |     const main = page.locator('main');
        at /home/mahmoud/Work/projects/Web/eqraa/eqraa-center-hub-1/src/test/e2e/homepage.spec.ts:206:56

    attachment #1: screenshot (image/png) ──────────────────────────────────────────────────────────
    ../../../test-results/homepage-Homepage---Respon-82fff-orrectly-on-desktop-1920px--chromium/test-failed-1.png
    ────────────────────────────────────────────────────────────────────────────────────────────────

    attachment #2: video (video/webm) ──────────────────────────────────────────────────────────────
    ../../../test-results/homepage-Homepage---Respon-82fff-orrectly-on-desktop-1920px--chromium/video.webm
    ────────────────────────────────────────────────────────────────────────────────────────────────

    Error Context: ../../../test-results/homepage-Homepage---Respon-82fff-orrectly-on-desktop-1920px--chromium/error-context.md
]]>
</failure>
<system-out>
<![CDATA[
[[ATTACHMENT|test-results/homepage-Homepage---Respon-82fff-orrectly-on-desktop-1920px--chromium/test-failed-1.png]]

[[ATTACHMENT|test-results/homepage-Homepage---Respon-82fff-orrectly-on-desktop-1920px--chromium/video.webm]]

[[ATTACHMENT|test-results/homepage-Homepage---Respon-82fff-orrectly-on-desktop-1920px--chromium/error-context.md]]
]]>
</system-out>
</testcase>
<testcase name="Homepage - Accessibility › should have RTL direction" classname="homepage.spec.ts" time="2.586">
</testcase>
<testcase name="Homepage - Accessibility › should support keyboard navigation" classname="homepage.spec.ts" time="2.606">
</testcase>
<testcase name="Homepage - Accessibility › should have accessible navigation buttons" classname="homepage.spec.ts" time="3.918">
<failure message="homepage.spec.ts:237:3 should have accessible navigation buttons" type="FAILURE">
<![CDATA[  [chromium] › homepage.spec.ts:237:3 › Homepage - Accessibility › should have accessible navigation buttons 

    Error: expect(received).toBeGreaterThanOrEqual(expected)

    Expected: >= 16
    Received:    0

      240 |
      241 |     // Should have at least the 16 navigation buttons
    > 242 |     expect(count).toBeGreaterThanOrEqual(16);
          |                   ^
      243 |
      244 |     // First button should have accessible text
      245 |     const firstButton = buttons.first();
        at /home/mahmoud/Work/projects/Web/eqraa/eqraa-center-hub-1/src/test/e2e/homepage.spec.ts:242:19

    attachment #1: screenshot (image/png) ──────────────────────────────────────────────────────────
    ../../../test-results/homepage-Homepage---Access-8032b-cessible-navigation-buttons-chromium/test-failed-1.png
    ────────────────────────────────────────────────────────────────────────────────────────────────

    attachment #2: video (video/webm) ──────────────────────────────────────────────────────────────
    ../../../test-results/homepage-Homepage---Access-8032b-cessible-navigation-buttons-chromium/video.webm
    ────────────────────────────────────────────────────────────────────────────────────────────────

    Error Context: ../../../test-results/homepage-Homepage---Access-8032b-cessible-navigation-buttons-chromium/error-context.md
]]>
</failure>
<system-out>
<![CDATA[
[[ATTACHMENT|test-results/homepage-Homepage---Access-8032b-cessible-navigation-buttons-chromium/test-failed-1.png]]

[[ATTACHMENT|test-results/homepage-Homepage---Access-8032b-cessible-navigation-buttons-chromium/video.webm]]

[[ATTACHMENT|test-results/homepage-Homepage---Access-8032b-cessible-navigation-buttons-chromium/error-context.md]]
]]>
</system-out>
</testcase>
<testcase name="Homepage - Performance › should load page within acceptable time" classname="homepage.spec.ts" time="3.665">
</testcase>
<testcase name="Homepage - Performance › should not have console errors" classname="homepage.spec.ts" time="3.953">
</testcase>
<testcase name="Homepage - Performance › should load all required resources" classname="homepage.spec.ts" time="3.206">
</testcase>
<testcase name="Homepage - Visual Regression › should match homepage screenshot (desktop)" classname="homepage.spec.ts" time="4.577">
</testcase>
<testcase name="Homepage - Visual Regression › should match homepage screenshot (mobile)" classname="homepage.spec.ts" time="4.694">
</testcase>
</testsuite>
</testsuites>